2024-10-02 23:39:52,446 - INFO - 2024-10-02 Success hose:4883 
2024-10-02 23:39:52,656 - INFO - 2024-10-02 Success hose:5041 
2024-10-02 23:39:52,866 - INFO - 2024-10-02 Success hose:4885 
2024-10-02 23:39:53,075 - INFO - 2024-10-02 Success hose:4989 
2024-10-02 23:39:53,289 - INFO - 2024-10-02 Success hose:5026 
2024-10-02 23:39:53,498 - INFO - 2024-10-02 Success hose:4886 
2024-10-02 23:39:53,709 - INFO - 2024-10-02 Success hose:4887 
2024-10-02 23:39:53,918 - INFO - 2024-10-02 Success hose:4888 
2024-10-02 23:39:54,124 - INFO - 2024-10-02 Success hose:4889 
2024-10-02 23:39:54,332 - INFO - 2024-10-02 Success hose:4909 
2024-10-02 23:39:54,539 - INFO - 2024-10-02 Success hose:4910 
2024-10-02 23:39:54,746 - INFO - 2024-10-02 Success hose:4982 
2024-10-02 23:39:54,955 - INFO - 2024-10-02 Success hose:5013 
2024-10-02 23:39:55,163 - INFO - 2024-10-02 Success hose:5025 
2024-10-02 23:39:55,372 - INFO - 2024-10-02 Success hose:5042 
2024-10-02 23:39:55,580 - INFO - 2024-10-02 Success hose:5043 
2024-10-02 23:39:55,787 - INFO - 2024-10-02 Success hose:4891 
2024-10-02 23:39:55,994 - INFO - 2024-10-02 Success hose:5014 
2024-10-02 23:39:56,201 - INFO - 2024-10-02 Success hose:5027 
2024-10-02 23:39:56,408 - INFO - 2024-10-02 Success hose:5029 
2024-10-02 23:39:56,615 - INFO - 2024-10-02 Success hose:4892 
2024-10-02 23:39:56,822 - INFO - 2024-10-02 Success hose:4913 
2024-10-02 23:39:57,030 - INFO - 2024-10-02 Success hose:4914 
2024-10-02 23:39:57,239 - INFO - 2024-10-02 Success hose:5032 
2024-10-02 23:39:57,447 - INFO - 2024-10-02 Success hose:5044 
2024-10-02 23:39:57,654 - INFO - 2024-10-02 Success hose:5045 
2024-10-02 23:39:57,861 - INFO - 2024-10-02 Success hose:4894 
2024-10-02 23:39:58,068 - INFO - 2024-10-02 Success hose:5015 
2024-10-02 23:39:58,276 - INFO - 2024-10-02 Success hose:5030 
2024-10-02 23:39:58,484 - INFO - 2024-10-02 Success hose:5064 
2024-10-02 23:39:58,690 - INFO - 2024-10-02 Success hose:5046 
2024-10-02 23:39:58,898 - INFO - 2024-10-02 Success hose:4918 
2024-10-02 23:39:59,106 - INFO - 2024-10-02 Success hose:4919 
2024-10-02 23:39:59,319 - INFO - 2024-10-02 Success hose:4929 
2024-10-02 23:39:59,527 - INFO - 2024-10-02 Success hose:4931 
2024-10-02 23:39:59,734 - INFO - 2024-10-02 Success hose:4896 
2024-10-02 23:39:59,942 - INFO - 2024-10-02 Success hose:4922 
2024-10-02 23:40:00,150 - INFO - 2024-10-02 Success hose:4925 
2024-10-02 23:40:00,358 - INFO - 2024-10-02 Success hose:4977 
2024-10-02 23:40:00,565 - INFO - 2024-10-02 Success hose:5016 
2024-10-02 23:40:00,771 - INFO - 2024-10-02 Success hose:5033 
2024-10-02 23:40:00,978 - INFO - 2024-10-02 Success hose:5035 
2024-10-02 23:40:01,186 - INFO - 2024-10-02 Success hose:5047 
2024-10-02 23:40:01,393 - INFO - 2024-10-02 Success hose:5048 
2024-10-02 23:40:01,600 - INFO - 2024-10-02 Success hose:5049 
2024-10-02 23:40:01,808 - INFO - 2024-10-02 Success hose:4897 
2024-10-02 23:40:02,015 - INFO - 2024-10-02 Success hose:5050 
2024-10-02 23:40:02,223 - INFO - 2024-10-02 Success hose:4934 
2024-10-02 23:40:02,431 - INFO - 2024-10-02 Success hose:5036 
2024-10-02 23:40:02,638 - INFO - 2024-10-02 Success hose:4898 
2024-10-02 23:40:02,846 - INFO - 2024-10-02 Success hose:4938 
2024-10-02 23:40:03,053 - INFO - 2024-10-02 Success hose:4940 
2024-10-02 23:40:03,263 - INFO - 2024-10-02 Success hose:5034 
2024-10-02 23:40:03,470 - INFO - 2024-10-02 Success hose:5065 
2024-10-02 23:40:03,677 - INFO - 2024-10-02 Success hose:5051 
2024-10-02 23:40:03,884 - INFO - 2024-10-02 Success hose:5052 
2024-10-02 23:40:04,091 - INFO - 2024-10-02 Success hose:4900 
2024-10-02 23:40:04,298 - INFO - 2024-10-02 Success hose:5017 
2024-10-02 23:40:04,505 - INFO - 2024-10-02 Success hose:5053 
2024-10-02 23:40:04,712 - INFO - 2024-10-02 Success hose:5054 
2024-10-02 23:40:04,918 - INFO - 2024-10-02 Success hose:4902 
2024-10-02 23:40:05,126 - INFO - 2024-10-02 Success hose:4948 
2024-10-02 23:40:05,333 - INFO - 2024-10-02 Success hose:4950 
2024-10-02 23:40:05,541 - INFO - 2024-10-02 Success hose:5037 
2024-10-02 23:40:05,748 - INFO - 2024-10-02 Success hose:5055 
2024-10-02 23:40:05,955 - INFO - 2024-10-02 Success hose:5056 
2024-10-02 23:40:06,163 - INFO - 2024-10-02 Success hose:4904 
2024-10-02 23:40:06,370 - INFO - 2024-10-02 Success hose:4942 
2024-10-02 23:40:06,576 - INFO - 2024-10-02 Success hose:4944 
2024-10-02 23:40:06,784 - INFO - 2024-10-02 Success hose:5018 
2024-10-02 23:40:06,992 - INFO - 2024-10-02 Success hose:5031 
2024-10-02 23:40:07,199 - INFO - 2024-10-02 Success hose:5057 
2024-10-02 23:40:07,408 - INFO - 2024-10-02 Success hose:5058 
2024-10-02 23:40:07,615 - INFO - 2024-10-02 Success hose:4907 
2024-10-02 23:40:07,823 - INFO - 2024-10-02 Success hose:4953 
2024-10-02 23:40:08,030 - INFO - 2024-10-02 Success hose:4954 
2024-10-02 23:40:08,236 - INFO - 2024-10-02 Success hose:5019 
2024-10-02 23:40:08,443 - INFO - 2024-10-02 Success hose:5038 
2024-10-02 23:40:08,651 - INFO - 2024-10-02 Success hose:5039 
2024-10-02 23:40:08,858 - INFO - 2024-10-02 Success hose:5059 
2024-10-02 23:40:09,067 - INFO - 2024-10-02 Success hose:5060 
2024-10-02 23:40:09,274 - INFO - 2024-10-02 Success hose:5061 
2024-10-02 23:40:09,481 - INFO - 2024-10-02 Success hose:4906 
2024-10-02 23:40:09,688 - INFO - 2024-10-02 Success hose:4958 
2024-10-02 23:40:09,896 - INFO - 2024-10-02 Success hose:4959 
2024-10-02 23:40:10,103 - INFO - 2024-10-02 Success hose:5040 
2024-10-02 23:40:10,310 - INFO - 2024-10-02 Success hose:5028 
2024-10-02 23:40:10,518 - INFO - 2024-10-02 Success hose:5062 
2024-10-02 23:40:10,724 - INFO - 2024-10-02 Success hose:5063 
2024-10-02 23:40:10,724 - INFO - CW Data received successfully, inserting into the database.
2024-10-02 23:40:11,227 - INFO - Underlying Stock ACB history received successfully, inserting into the database.
2024-10-02 23:40:11,890 - INFO - Underlying Stock FPT history received successfully, inserting into the database.
2024-10-02 23:40:12,296 - INFO - Underlying Stock HPG history received successfully, inserting into the database.
2024-10-02 23:40:12,696 - INFO - Underlying Stock MBB history received successfully, inserting into the database.
2024-10-02 23:40:13,743 - INFO - Underlying Stock MSN history received successfully, inserting into the database.
2024-10-02 23:40:14,170 - INFO - Underlying Stock MWG history received successfully, inserting into the database.
2024-10-02 23:40:14,558 - INFO - Underlying Stock POW history received successfully, inserting into the database.
2024-10-02 23:40:14,991 - INFO - Underlying Stock SHB history received successfully, inserting into the database.
2024-10-02 23:40:15,407 - INFO - Underlying Stock STB history received successfully, inserting into the database.
2024-10-02 23:40:15,815 - INFO - Underlying Stock TCB history received successfully, inserting into the database.
2024-10-02 23:40:16,208 - INFO - Underlying Stock TPB history received successfully, inserting into the database.
2024-10-02 23:40:16,592 - INFO - Underlying Stock VHM history received successfully, inserting into the database.
2024-10-02 23:40:17,015 - INFO - Underlying Stock VIB history received successfully, inserting into the database.
2024-10-02 23:40:17,589 - INFO - Underlying Stock VIC history received successfully, inserting into the database.
2024-10-02 23:40:18,017 - INFO - Underlying Stock VNM history received successfully, inserting into the database.
2024-10-02 23:40:18,409 - INFO - Underlying Stock VPB history received successfully, inserting into the database.
2024-10-02 23:40:18,920 - INFO - Underlying Stock VRE history received successfully, inserting into the database.
2024-10-03 17:01:43,256 - ERROR - Exright Failed to fetch data. Status Code: 403
2024-10-03 17:02:04,316 - ERROR - Failed to insert data: connection to server at "35.236.185.5", port 5432 failed: Connection timed out (0x0000274C/10060)
	Is the server running on that host and accepting TCP/IP connections?

